27/09/2010 20:20:31 (Std) 	+-+-+-+-+-+-+-+-+-+-+-+-+-+-+-+-+-+-+-+-+-+-+-+-+-+-+-+-+-+-+-+-+-+-+-+-+-+-+-+
27/09/2010 20:20:31 (Std) 	+                     Crazy Eddie's GUI System - Event log                    +
27/09/2010 20:20:31 (Std) 	+                          (http://www.cegui.org.uk/)                         +
27/09/2010 20:20:31 (Std) 	+-+-+-+-+-+-+-+-+-+-+-+-+-+-+-+-+-+-+-+-+-+-+-+-+-+-+-+-+-+-+-+-+-+-+-+-+-+-+-+

27/09/2010 20:20:31 (Std) 	CEGUI::Logger singleton created. (0x9590228)
27/09/2010 20:20:31 (Std) 	
27/09/2010 20:20:31 (Std) 	********************************************************************************
27/09/2010 20:20:31 (Std) 	* Important:                                                                   *
27/09/2010 20:20:31 (Std) 	*     To get support at the CEGUI forums, you must post _at least_ the section *
27/09/2010 20:20:31 (Std) 	*     of this log file indicated below.  Failure to do this will result in no  *
27/09/2010 20:20:31 (Std) 	*     support being given; please do not waste our time.                       *
27/09/2010 20:20:31 (Std) 	********************************************************************************
27/09/2010 20:20:31 (Std) 	********************************************************************************
27/09/2010 20:20:31 (Std) 	* -------- START OF ESSENTIAL SECTION TO BE POSTED ON THE FORUM       -------- *
27/09/2010 20:20:31 (Std) 	********************************************************************************
27/09/2010 20:20:31 (Std) 	---- Version 0.7.1 (Build: Apr  4 2010 GNU/Linux g++ 4.4.1 32 bit) ----
27/09/2010 20:20:31 (Std) 	---- Renderer module is: CEGUI::OgreRenderer - Official OGRE based 2nd generation renderer module. ----
27/09/2010 20:20:31 (Std) 	---- XML Parser module is: CEGUI::ExpatParser - Official expat based parser module for CEGUI ----
27/09/2010 20:20:31 (Std) 	---- Image Codec module is: OgreImageCodec - Integrated ImageCodec using the Ogre engine. ----
27/09/2010 20:20:31 (Std) 	---- Scripting module is: None ----
27/09/2010 20:20:31 (Std) 	********************************************************************************
27/09/2010 20:20:31 (Std) 	* -------- END OF ESSENTIAL SECTION TO BE POSTED ON THE FORUM         -------- *
27/09/2010 20:20:31 (Std) 	********************************************************************************
27/09/2010 20:20:31 (Std) 	
27/09/2010 20:20:31 (Std) 	---- Begining CEGUI System initialisation ----
27/09/2010 20:20:31 (Std) 	CEGUI::ImagesetManager singleton created (0x9591bf8)
27/09/2010 20:20:31 (Std) 	CEGUI::FontManager singleton created. (0x9591cd0)
27/09/2010 20:20:31 (Std) 	CEGUI::WindowFactoryManager singleton created
27/09/2010 20:20:31 (Std) 	CEGUI::WindowManager singleton created (0x9591280)
27/09/2010 20:20:31 (Std) 	CEGUI::SchemeManager singleton created. (0x9590be0)
27/09/2010 20:20:31 (Std) 	CEGUI::MouseCursor singleton created. (0x9591b00)
27/09/2010 20:20:31 (Std) 	CEGUI::GlobalEventSet singleton created. (0x958fe78)
27/09/2010 20:20:31 (Std) 	CEGUI::WidgetLookManager singleton created. (0x9590850)
27/09/2010 20:20:31 (Std) 	CEGUI::WindowRendererManager singleton created (0x9590870)
27/09/2010 20:20:31 (Std) 	Created WindowFactory for 'DefaultWindow' windows.
27/09/2010 20:20:31 (Std) 	WindowFactory for 'DefaultWindow' windows added. (0x9591b58)
27/09/2010 20:20:31 (Std) 	Created WindowFactory for 'DragContainer' windows.
27/09/2010 20:20:31 (Std) 	WindowFactory for 'DragContainer' windows added. (0x9590e80)
27/09/2010 20:20:31 (Std) 	Created WindowFactory for 'ScrolledContainer' windows.
27/09/2010 20:20:31 (Std) 	WindowFactory for 'ScrolledContainer' windows added. (0x9594490)
27/09/2010 20:20:31 (Std) 	Created WindowFactory for 'ClippedContainer' windows.
27/09/2010 20:20:31 (Std) 	WindowFactory for 'ClippedContainer' windows added. (0x95945e0)
27/09/2010 20:20:31 (Std) 	Created WindowFactory for 'CEGUI/Checkbox' windows.
27/09/2010 20:20:31 (Std) 	WindowFactory for 'CEGUI/Checkbox' windows added. (0x9594730)
27/09/2010 20:20:31 (Std) 	Created WindowFactory for 'CEGUI/PushButton' windows.
27/09/2010 20:20:31 (Std) 	WindowFactory for 'CEGUI/PushButton' windows added. (0x9594880)
27/09/2010 20:20:31 (Std) 	Created WindowFactory for 'CEGUI/RadioButton' windows.
27/09/2010 20:20:31 (Std) 	WindowFactory for 'CEGUI/RadioButton' windows added. (0x95949d0)
27/09/2010 20:20:31 (Std) 	Created WindowFactory for 'CEGUI/Combobox' windows.
27/09/2010 20:20:31 (Std) 	WindowFactory for 'CEGUI/Combobox' windows added. (0x9594b20)
27/09/2010 20:20:31 (Std) 	Created WindowFactory for 'CEGUI/ComboDropList' windows.
27/09/2010 20:20:31 (Std) 	WindowFactory for 'CEGUI/ComboDropList' windows added. (0x9594c70)
27/09/2010 20:20:31 (Std) 	Created WindowFactory for 'CEGUI/Editbox' windows.
27/09/2010 20:20:31 (Std) 	WindowFactory for 'CEGUI/Editbox' windows added. (0x9594dc0)
27/09/2010 20:20:31 (Std) 	Created WindowFactory for 'CEGUI/FrameWindow' windows.
27/09/2010 20:20:31 (Std) 	WindowFactory for 'CEGUI/FrameWindow' windows added. (0x9594fe0)
27/09/2010 20:20:31 (Std) 	Created WindowFactory for 'CEGUI/ItemEntry' windows.
27/09/2010 20:20:31 (Std) 	WindowFactory for 'CEGUI/ItemEntry' windows added. (0x9595130)
27/09/2010 20:20:31 (Std) 	Created WindowFactory for 'CEGUI/Listbox' windows.
27/09/2010 20:20:31 (Std) 	WindowFactory for 'CEGUI/Listbox' windows added. (0x9595280)
27/09/2010 20:20:31 (Std) 	Created WindowFactory for 'CEGUI/ListHeader' windows.
27/09/2010 20:20:31 (Std) 	WindowFactory for 'CEGUI/ListHeader' windows added. (0x95953d0)
27/09/2010 20:20:31 (Std) 	Created WindowFactory for 'CEGUI/ListHeaderSegment' windows.
27/09/2010 20:20:31 (Std) 	WindowFactory for 'CEGUI/ListHeaderSegment' windows added. (0x9595520)
27/09/2010 20:20:31 (Std) 	Created WindowFactory for 'CEGUI/Menubar' windows.
27/09/2010 20:20:31 (Std) 	WindowFactory for 'CEGUI/Menubar' windows added. (0x9595670)
27/09/2010 20:20:31 (Std) 	Created WindowFactory for 'CEGUI/PopupMenu' windows.
27/09/2010 20:20:31 (Std) 	WindowFactory for 'CEGUI/PopupMenu' windows added. (0x95957c0)
27/09/2010 20:20:31 (Std) 	Created WindowFactory for 'CEGUI/MenuItem' windows.
27/09/2010 20:20:31 (Std) 	WindowFactory for 'CEGUI/MenuItem' windows added. (0x9595910)
27/09/2010 20:20:31 (Std) 	Created WindowFactory for 'CEGUI/MultiColumnList' windows.
27/09/2010 20:20:31 (Std) 	WindowFactory for 'CEGUI/MultiColumnList' windows added. (0x9595a60)
27/09/2010 20:20:31 (Std) 	Created WindowFactory for 'CEGUI/MultiLineEditbox' windows.
27/09/2010 20:20:31 (Std) 	WindowFactory for 'CEGUI/MultiLineEditbox' windows added. (0x9595bb0)
27/09/2010 20:20:31 (Std) 	Created WindowFactory for 'CEGUI/ProgressBar' windows.
27/09/2010 20:20:31 (Std) 	WindowFactory for 'CEGUI/ProgressBar' windows added. (0x9595d00)
27/09/2010 20:20:31 (Std) 	Created WindowFactory for 'CEGUI/ScrollablePane' windows.
27/09/2010 20:20:31 (Std) 	WindowFactory for 'CEGUI/ScrollablePane' windows added. (0x9595e50)
27/09/2010 20:20:31 (Std) 	Created WindowFactory for 'CEGUI/Scrollbar' windows.
27/09/2010 20:20:31 (Std) 	WindowFactory for 'CEGUI/Scrollbar' windows added. (0x9595fa0)
27/09/2010 20:20:31 (Std) 	Created WindowFactory for 'CEGUI/Slider' windows.
27/09/2010 20:20:31 (Std) 	WindowFactory for 'CEGUI/Slider' windows added. (0x95960f0)
27/09/2010 20:20:31 (Std) 	Created WindowFactory for 'CEGUI/Spinner' windows.
27/09/2010 20:20:31 (Std) 	WindowFactory for 'CEGUI/Spinner' windows added. (0x9596240)
27/09/2010 20:20:31 (Std) 	Created WindowFactory for 'CEGUI/TabButton' windows.
27/09/2010 20:20:31 (Std) 	WindowFactory for 'CEGUI/TabButton' windows added. (0x9596390)
27/09/2010 20:20:31 (Std) 	Created WindowFactory for 'CEGUI/TabControl' windows.
27/09/2010 20:20:31 (Std) 	WindowFactory for 'CEGUI/TabControl' windows added. (0x95964e0)
27/09/2010 20:20:31 (Std) 	Created WindowFactory for 'CEGUI/Thumb' windows.
27/09/2010 20:20:31 (Std) 	WindowFactory for 'CEGUI/Thumb' windows added. (0x9596630)
27/09/2010 20:20:31 (Std) 	Created WindowFactory for 'CEGUI/Titlebar' windows.
27/09/2010 20:20:31 (Std) 	WindowFactory for 'CEGUI/Titlebar' windows added. (0x9596780)
27/09/2010 20:20:31 (Std) 	Created WindowFactory for 'CEGUI/Tooltip' windows.
27/09/2010 20:20:31 (Std) 	WindowFactory for 'CEGUI/Tooltip' windows added. (0x9597f38)
27/09/2010 20:20:31 (Std) 	Created WindowFactory for 'CEGUI/ItemListbox' windows.
27/09/2010 20:20:31 (Std) 	WindowFactory for 'CEGUI/ItemListbox' windows added. (0x9598088)
27/09/2010 20:20:31 (Std) 	Created WindowFactory for 'CEGUI/GroupBox' windows.
27/09/2010 20:20:31 (Std) 	WindowFactory for 'CEGUI/GroupBox' windows added. (0x95981d8)
27/09/2010 20:20:31 (Std) 	Created WindowFactory for 'CEGUI/Tree' windows.
27/09/2010 20:20:31 (Std) 	WindowFactory for 'CEGUI/Tree' windows added. (0x9598328)
27/09/2010 20:20:31 (Std) 	Window type alias named 'DefaultGUISheet' added for window type 'DefaultWindow'.
27/09/2010 20:20:31 (Std) 	CEGUI::System singleton created. (0x958ffa8)
27/09/2010 20:20:31 (Std) 	---- CEGUI System initialisation completed ----
27/09/2010 20:20:31 (Std) 	
27/09/2010 20:20:31 (Std) 	Started creation of Scheme from XML specification:
27/09/2010 20:20:31 (Std) 	---- CEGUI GUIScheme name: TaharezLook
27/09/2010 20:20:31 (Std) 	Started creation of Imageset from XML specification:
27/09/2010 20:20:31 (Std) 	---- CEGUI Imageset name: TaharezLook
27/09/2010 20:20:31 (Std) 	---- Source texture file: TaharezLook.tga in resource group: (Default)
27/09/2010 20:20:31 (Std) 	Started creation of Font from XML specification:
27/09/2010 20:20:31 (Std) 	---- CEGUI font name: DejaVuSans-10
27/09/2010 20:20:31 (Std) 	----       Font type: FreeType
27/09/2010 20:20:31 (Std) 	----     Source file: DejaVuSans.ttf in resource group: (Default)
27/09/2010 20:20:31 (Std) 	---- Real point size: 10
27/09/2010 20:20:31 (Std) 	===== Falagard 'root' element: look and feel parsing begins =====
27/09/2010 20:20:31 (Std) 	===== Look and feel parsing completed =====
27/09/2010 20:20:31 (Std) 	No window renderer factories specified for module 'CEGUIFalagardWRBase' - adding all available factories...
27/09/2010 20:20:31 (Std) 	Created WindowRendererFactory for 'Falagard/Button' WindowRenderers.
27/09/2010 20:20:31 (Std) 	WindowRendererFactory 'Falagard/Button' added. (0x959c1b0)
27/09/2010 20:20:31 (Std) 	Created WindowRendererFactory for 'Falagard/Default' WindowRenderers.
27/09/2010 20:20:31 (Std) 	WindowRendererFactory 'Falagard/Default' added. (0x9708a10)
27/09/2010 20:20:31 (Std) 	Created WindowRendererFactory for 'Falagard/Editbox' WindowRenderers.
27/09/2010 20:20:31 (Std) 	WindowRendererFactory 'Falagard/Editbox' added. (0x9799df8)
27/09/2010 20:20:31 (Std) 	Created WindowRendererFactory for 'Falagard/FrameWindow' WindowRenderers.
27/09/2010 20:20:31 (Std) 	WindowRendererFactory 'Falagard/FrameWindow' added. (0x9627bf0)
27/09/2010 20:20:31 (Std) 	Created WindowRendererFactory for 'Falagard/ItemEntry' WindowRenderers.
27/09/2010 20:20:31 (Std) 	WindowRendererFactory 'Falagard/ItemEntry' added. (0x959d338)
27/09/2010 20:20:31 (Std) 	Created WindowRendererFactory for 'Falagard/ListHeader' WindowRenderers.
27/09/2010 20:20:31 (Std) 	WindowRendererFactory 'Falagard/ListHeader' added. (0x959d3d8)
27/09/2010 20:20:31 (Std) 	Created WindowRendererFactory for 'Falagard/ListHeaderSegment' WindowRenderers.
27/09/2010 20:20:31 (Std) 	WindowRendererFactory 'Falagard/ListHeaderSegment' added. (0x96ef6f8)
27/09/2010 20:20:31 (Std) 	Created WindowRendererFactory for 'Falagard/Listbox' WindowRenderers.
27/09/2010 20:20:31 (Std) 	WindowRendererFactory 'Falagard/Listbox' added. (0x96ef798)
27/09/2010 20:20:31 (Std) 	Created WindowRendererFactory for 'Falagard/Menubar' WindowRenderers.
27/09/2010 20:20:31 (Std) 	WindowRendererFactory 'Falagard/Menubar' added. (0x97a1300)
27/09/2010 20:20:31 (Std) 	Created WindowRendererFactory for 'Falagard/MenuItem' WindowRenderers.
27/09/2010 20:20:31 (Std) 	WindowRendererFactory 'Falagard/MenuItem' added. (0x97b17b0)
27/09/2010 20:20:31 (Std) 	Created WindowRendererFactory for 'Falagard/MultiColumnList' WindowRenderers.
27/09/2010 20:20:31 (Std) 	WindowRendererFactory 'Falagard/MultiColumnList' added. (0x97b8500)
27/09/2010 20:20:31 (Std) 	Created WindowRendererFactory for 'Falagard/MultiLineEditbox' WindowRenderers.
27/09/2010 20:20:31 (Std) 	WindowRendererFactory 'Falagard/MultiLineEditbox' added. (0x97ace38)
27/09/2010 20:20:31 (Std) 	Created WindowRendererFactory for 'Falagard/PopupMenu' WindowRenderers.
27/09/2010 20:20:31 (Std) 	WindowRendererFactory 'Falagard/PopupMenu' added. (0x97acf88)
27/09/2010 20:20:31 (Std) 	Created WindowRendererFactory for 'Falagard/ProgressBar' WindowRenderers.
27/09/2010 20:20:31 (Std) 	WindowRendererFactory 'Falagard/ProgressBar' added. (0x97ad0d8)
27/09/2010 20:20:31 (Std) 	Created WindowRendererFactory for 'Falagard/ScrollablePane' WindowRenderers.
27/09/2010 20:20:31 (Std) 	WindowRendererFactory 'Falagard/ScrollablePane' added. (0x97ad228)
27/09/2010 20:20:31 (Std) 	Created WindowRendererFactory for 'Falagard/Scrollbar' WindowRenderers.
27/09/2010 20:20:31 (Std) 	WindowRendererFactory 'Falagard/Scrollbar' added. (0x97ad378)
27/09/2010 20:20:31 (Std) 	Created WindowRendererFactory for 'Falagard/Slider' WindowRenderers.
27/09/2010 20:20:31 (Std) 	WindowRendererFactory 'Falagard/Slider' added. (0x97ad4c8)
27/09/2010 20:20:31 (Std) 	Created WindowRendererFactory for 'Falagard/Static' WindowRenderers.
27/09/2010 20:20:31 (Std) 	WindowRendererFactory 'Falagard/Static' added. (0x95b11c8)
27/09/2010 20:20:31 (Std) 	Created WindowRendererFactory for 'Falagard/StaticImage' WindowRenderers.
27/09/2010 20:20:31 (Std) 	WindowRendererFactory 'Falagard/StaticImage' added. (0x95b1318)
27/09/2010 20:20:31 (Std) 	Created WindowRendererFactory for 'Falagard/StaticText' WindowRenderers.
27/09/2010 20:20:31 (Std) 	WindowRendererFactory 'Falagard/StaticText' added. (0x95b1468)
27/09/2010 20:20:31 (Std) 	Created WindowRendererFactory for 'Falagard/SystemButton' WindowRenderers.
27/09/2010 20:20:31 (Std) 	WindowRendererFactory 'Falagard/SystemButton' added. (0x95b15b8)
27/09/2010 20:20:31 (Std) 	Created WindowRendererFactory for 'Falagard/TabButton' WindowRenderers.
27/09/2010 20:20:31 (Std) 	WindowRendererFactory 'Falagard/TabButton' added. (0x95b1708)
27/09/2010 20:20:31 (Std) 	Created WindowRendererFactory for 'Falagard/TabControl' WindowRenderers.
27/09/2010 20:20:31 (Std) 	WindowRendererFactory 'Falagard/TabControl' added. (0x95b1858)
27/09/2010 20:20:31 (Std) 	Created WindowRendererFactory for 'Falagard/Titlebar' WindowRenderers.
27/09/2010 20:20:31 (Std) 	WindowRendererFactory 'Falagard/Titlebar' added. (0x95b19a8)
27/09/2010 20:20:31 (Std) 	Created WindowRendererFactory for 'Falagard/ToggleButton' WindowRenderers.
27/09/2010 20:20:31 (Std) 	WindowRendererFactory 'Falagard/ToggleButton' added. (0x95b1af8)
27/09/2010 20:20:31 (Std) 	Created WindowRendererFactory for 'Falagard/Tooltip' WindowRenderers.
27/09/2010 20:20:31 (Std) 	WindowRendererFactory 'Falagard/Tooltip' added. (0x95b1c48)
27/09/2010 20:20:31 (Std) 	Created WindowRendererFactory for 'Falagard/ItemListbox' WindowRenderers.
27/09/2010 20:20:31 (Std) 	WindowRendererFactory 'Falagard/ItemListbox' added. (0x95b1d98)
27/09/2010 20:20:31 (Std) 	Created WindowRendererFactory for 'Falagard/Tree' WindowRenderers.
27/09/2010 20:20:31 (Std) 	WindowRendererFactory 'Falagard/Tree' added. (0x95b1ee8)
27/09/2010 20:20:31 (Std) 	Creating falagard mapping for type 'TaharezLook/Button' using base type 'CEGUI/PushButton', window renderer 'Falagard/Button' and Look'N'Feel 'TaharezLook/Button'. (0xbf90d6d4)
27/09/2010 20:20:31 (Std) 	Creating falagard mapping for type 'TaharezLook/Checkbox' using base type 'CEGUI/Checkbox', window renderer 'Falagard/ToggleButton' and Look'N'Feel 'TaharezLook/Checkbox'. (0xbf90d6d4)
27/09/2010 20:20:31 (Std) 	Creating falagard mapping for type 'TaharezLook/ImageButton' using base type 'CEGUI/PushButton', window renderer 'Falagard/Button' and Look'N'Feel 'TaharezLook/ImageButton'. (0xbf90d6d4)
27/09/2010 20:20:31 (Std) 	Creating falagard mapping for type 'TaharezLook/RadioButton' using base type 'CEGUI/RadioButton', window renderer 'Falagard/ToggleButton' and Look'N'Feel 'TaharezLook/RadioButton'. (0xbf90d6d4)
27/09/2010 20:20:31 (Std) 	Creating falagard mapping for type 'TaharezLook/FrameWindow' using base type 'CEGUI/FrameWindow', window renderer 'Falagard/FrameWindow' and Look'N'Feel 'TaharezLook/FrameWindow'. (0xbf90d6d4)
27/09/2010 20:20:31 (Std) 	Creating falagard mapping for type 'TaharezLook/Titlebar' using base type 'CEGUI/Titlebar', window renderer 'Falagard/Titlebar' and Look'N'Feel 'TaharezLook/Titlebar'. (0xbf90d6d4)
27/09/2010 20:20:31 (Std) 	Creating falagard mapping for type 'TaharezLook/SystemButton' using base type 'CEGUI/PushButton', window renderer 'Falagard/Button' and Look'N'Feel 'TaharezLook/Button'. (0xbf90d6d4)
27/09/2010 20:20:31 (Std) 	Creating falagard mapping for type 'TaharezLook/Editbox' using base type 'CEGUI/Editbox', window renderer 'Falagard/Editbox' and Look'N'Feel 'TaharezLook/Editbox'. (0xbf90d6d4)
27/09/2010 20:20:31 (Std) 	Creating falagard mapping for type 'TaharezLook/MultiLineEditbox' using base type 'CEGUI/MultiLineEditbox', window renderer 'Falagard/MultiLineEditbox' and Look'N'Feel 'TaharezLook/MultiLineEditbox'. (0xbf90d6d4)
27/09/2010 20:20:31 (Std) 	Creating falagard mapping for type 'TaharezLook/Menubar' using base type 'CEGUI/Menubar', window renderer 'Falagard/Menubar' and Look'N'Feel 'TaharezLook/Menubar'. (0xbf90d6d4)
27/09/2010 20:20:31 (Std) 	Creating falagard mapping for type 'TaharezLook/PopupMenu' using base type 'CEGUI/PopupMenu', window renderer 'Falagard/PopupMenu' and Look'N'Feel 'TaharezLook/PopupMenu'. (0xbf90d6d4)
27/09/2010 20:20:31 (Std) 	Creating falagard mapping for type 'TaharezLook/MenuItem' using base type 'CEGUI/MenuItem', window renderer 'Falagard/MenuItem' and Look'N'Feel 'TaharezLook/MenuItem'. (0xbf90d6d4)
27/09/2010 20:20:31 (Std) 	Creating falagard mapping for type 'TaharezLook/AlternateProgressBar' using base type 'CEGUI/ProgressBar', window renderer 'Falagard/ProgressBar' and Look'N'Feel 'TaharezLook/AltProgressBar'. (0xbf90d6d4)
27/09/2010 20:20:31 (Std) 	Creating falagard mapping for type 'TaharezLook/ProgressBar' using base type 'CEGUI/ProgressBar', window renderer 'Falagard/ProgressBar' and Look'N'Feel 'TaharezLook/ProgressBar'. (0xbf90d6d4)
27/09/2010 20:20:31 (Std) 	Creating falagard mapping for type 'TaharezLook/VUMeter' using base type 'CEGUI/ProgressBar', window renderer 'Falagard/ProgressBar' and Look'N'Feel 'TaharezLook/VUMeter'. (0xbf90d6d4)
27/09/2010 20:20:31 (Std) 	Creating falagard mapping for type 'TaharezLook/VerticalScrollbar' using base type 'CEGUI/Scrollbar', window renderer 'Falagard/Scrollbar' and Look'N'Feel 'TaharezLook/VerticalScrollbar'. (0xbf90d6d4)
27/09/2010 20:20:31 (Std) 	Creating falagard mapping for type 'TaharezLook/HorizontalScrollbar' using base type 'CEGUI/Scrollbar', window renderer 'Falagard/Scrollbar' and Look'N'Feel 'TaharezLook/HorizontalScrollbar'. (0xbf90d6d4)
27/09/2010 20:20:31 (Std) 	Creating falagard mapping for type 'TaharezLook/VerticalScrollbarThumb' using base type 'CEGUI/Thumb', window renderer 'Falagard/Button' and Look'N'Feel 'TaharezLook/VerticalScrollbarThumb'. (0xbf90d6d4)
27/09/2010 20:20:31 (Std) 	Creating falagard mapping for type 'TaharezLook/HorizontalScrollbarThumb' using base type 'CEGUI/Thumb', window renderer 'Falagard/Button' and Look'N'Feel 'TaharezLook/HorizontalScrollbarThumb'. (0xbf90d6d4)
27/09/2010 20:20:31 (Std) 	Creating falagard mapping for type 'TaharezLook/LargeVerticalScrollbar' using base type 'CEGUI/Scrollbar', window renderer 'Falagard/Scrollbar' and Look'N'Feel 'TaharezLook/LargeVerticalScrollbar'. (0xbf90d6d4)
27/09/2010 20:20:31 (Std) 	Creating falagard mapping for type 'TaharezLook/LargeVerticalScrollbarThumb' using base type 'CEGUI/Thumb', window renderer 'Falagard/Button' and Look'N'Feel 'TaharezLook/LargeVerticalScrollbarThumb'. (0xbf90d6d4)
27/09/2010 20:20:31 (Std) 	Creating falagard mapping for type 'TaharezLook/TabButton' using base type 'CEGUI/TabButton', window renderer 'Falagard/TabButton' and Look'N'Feel 'TaharezLook/TabButton'. (0xbf90d6d4)
27/09/2010 20:20:31 (Std) 	Creating falagard mapping for type 'TaharezLook/TabControl' using base type 'CEGUI/TabControl', window renderer 'Falagard/TabControl' and Look'N'Feel 'TaharezLook/TabControl'. (0xbf90d6d4)
27/09/2010 20:20:31 (Std) 	Creating falagard mapping for type 'TaharezLook/TabContentPane' using base type 'DefaultWindow', window renderer 'Falagard/Default' and Look'N'Feel 'TaharezLook/TabContentPane'. (0xbf90d6d4)
27/09/2010 20:20:31 (Std) 	Creating falagard mapping for type 'TaharezLook/TabButtonPane' using base type 'DefaultWindow', window renderer 'Falagard/Default' and Look'N'Feel 'TaharezLook/TabButtonPane'. (0xbf90d6d4)
27/09/2010 20:20:31 (Std) 	Creating falagard mapping for type 'TaharezLook/ComboDropList' using base type 'CEGUI/ComboDropList', window renderer 'Falagard/Listbox' and Look'N'Feel 'TaharezLook/ComboDropList'. (0xbf90d6d4)
27/09/2010 20:20:31 (Std) 	Creating falagard mapping for type 'TaharezLook/ComboEditbox' using base type 'CEGUI/Editbox', window renderer 'Falagard/Editbox' and Look'N'Feel 'TaharezLook/ComboEditbox'. (0xbf90d6d4)
27/09/2010 20:20:31 (Std) 	Creating falagard mapping for type 'TaharezLook/Combobox' using base type 'CEGUI/Combobox', window renderer 'Falagard/Default' and Look'N'Feel 'TaharezLook/Combobox'. (0xbf90d6d4)
27/09/2010 20:20:31 (Std) 	Creating falagard mapping for type 'TaharezLook/Listbox' using base type 'CEGUI/Listbox', window renderer 'Falagard/Listbox' and Look'N'Feel 'TaharezLook/Listbox'. (0xbf90d6d4)
27/09/2010 20:20:31 (Std) 	Creating falagard mapping for type 'TaharezLook/ListHeader' using base type 'CEGUI/ListHeader', window renderer 'Falagard/ListHeader' and Look'N'Feel 'TaharezLook/ListHeader'. (0xbf90d6d4)
27/09/2010 20:20:31 (Std) 	Creating falagard mapping for type 'TaharezLook/ListHeaderSegment' using base type 'CEGUI/ListHeaderSegment', window renderer 'Falagard/ListHeaderSegment' and Look'N'Feel 'TaharezLook/ListHeaderSegment'. (0xbf90d6d4)
27/09/2010 20:20:31 (Std) 	Creating falagard mapping for type 'TaharezLook/MultiColumnList' using base type 'CEGUI/MultiColumnList', window renderer 'Falagard/MultiColumnList' and Look'N'Feel 'TaharezLook/MultiColumnList'. (0xbf90d6d4)
27/09/2010 20:20:31 (Std) 	Creating falagard mapping for type 'TaharezLook/Slider' using base type 'CEGUI/Slider', window renderer 'Falagard/Slider' and Look'N'Feel 'TaharezLook/Slider'. (0xbf90d6d4)
27/09/2010 20:20:31 (Std) 	Creating falagard mapping for type 'TaharezLook/SliderThumb' using base type 'CEGUI/Thumb', window renderer 'Falagard/Button' and Look'N'Feel 'TaharezLook/SliderThumb'. (0xbf90d6d4)
27/09/2010 20:20:31 (Std) 	Creating falagard mapping for type 'TaharezLook/ScrollablePane' using base type 'CEGUI/ScrollablePane', window renderer 'Falagard/ScrollablePane' and Look'N'Feel 'TaharezLook/ScrollablePane'. (0xbf90d6d4)
27/09/2010 20:20:31 (Std) 	Creating falagard mapping for type 'TaharezLook/Spinner' using base type 'CEGUI/Spinner', window renderer 'Falagard/Default' and Look'N'Feel 'TaharezLook/Spinner'. (0xbf90d6d4)
27/09/2010 20:20:31 (Std) 	Creating falagard mapping for type 'TaharezLook/Tooltip' using base type 'CEGUI/Tooltip', window renderer 'Falagard/Tooltip' and Look'N'Feel 'TaharezLook/Tooltip'. (0xbf90d6d4)
27/09/2010 20:20:31 (Std) 	Creating falagard mapping for type 'TaharezLook/StaticImage' using base type 'DefaultWindow', window renderer 'Falagard/StaticImage' and Look'N'Feel 'TaharezLook/StaticImage'. (0xbf90d6d4)
27/09/2010 20:20:31 (Std) 	Creating falagard mapping for type 'TaharezLook/StaticText' using base type 'DefaultWindow', window renderer 'Falagard/StaticText' and Look'N'Feel 'TaharezLook/StaticText'. (0xbf90d6d4)
27/09/2010 20:20:31 (Std) 	Creating falagard mapping for type 'TaharezLook/ItemListbox' using base type 'CEGUI/ItemListbox', window renderer 'Falagard/ItemListbox' and Look'N'Feel 'TaharezLook/ItemListbox'. (0xbf90d6d4)
27/09/2010 20:20:31 (Std) 	Creating falagard mapping for type 'TaharezLook/ListboxItem' using base type 'CEGUI/ItemEntry', window renderer 'Falagard/ItemEntry' and Look'N'Feel 'TaharezLook/ListboxItem'. (0xbf90d6d4)
27/09/2010 20:20:31 (Std) 	Creating falagard mapping for type 'TaharezLook/GroupBox' using base type 'CEGUI/GroupBox', window renderer 'Falagard/Default' and Look'N'Feel 'TaharezLook/GroupBox'. (0xbf90d6d4)
27/09/2010 20:20:31 (Std) 	Creating falagard mapping for type 'TaharezLook/Tree' using base type 'CEGUI/Tree', window renderer 'Falagard/Tree' and Look'N'Feel 'TaharezLook/Tree'. (0xbf90d6d4)
